5.0037 	WARNING 	User requested fullscreen with size [1024  768], but screen is actually [1920, 1080]. Using actual size
5.6193 	EXP 	Created window1 = Window(allowGUI=True, allowStencil=False, autoLog=True, backendConf=UNKNOWN, backgroundFit=<method-wrapper '__getattribute__' of attributeSetter object at 0x0000026BCDBB1C70>, backgroundImage=<method-wrapper '__getattribute__' of attributeSetter object at 0x0000026BCDBB1C10>, bitsMode=UNKNOWN, blendMode='avg', bpc=(8, 8, 8), color=array([0, 0, 0]), colorSpace='rgb', depthBits=8, fullscr=<method-wrapper '__getattribute__' of attributeSetter object at 0x0000026BCDBB1940>, gamma=None, gammaErrorPolicy='raise', lms=UNKNOWN, monitor=<psychopy.monitors.calibTools.Monitor object at 0x0000026BD3EBCD00>, multiSample=False, name='window1', numSamples=2, pos=(0, 0), screen=0, size=array([1920, 1080]), stencilBits=0, stereo=False, units='height', useFBO=True, useRetina=False, viewOri=0.0, viewPos=None, viewScale=None, waitBlanking=True, winType='pyglet')
5.6195 	EXP 	window1: mouseVisible = True
5.6195 	EXP 	window1: backgroundImage = ''
5.6195 	EXP 	window1: backgroundFit = 'none'
5.6197 	EXP 	window1: mouseVisible = False
5.6197 	EXP 	window1: Attempting to measure frame rate of screen (0) ...
5.6198 	EXP 	window1: recordFrameIntervals = False
5.7849 	EXP 	window1: recordFrameIntervals = True
5.9689 	EXP 	Screen (0) actual frame rate measured at 59.98Hz
5.9689 	EXP 	window1: recordFrameIntervals = False
7.6073 	EXP 	Created polygon = ShapeStim(__class__=<class 'psychopy.visual.shape.ShapeStim'>, anchor=('center', 'center'), autoDraw=False, autoLog=True, closeShape=True, color=method-wrapper(...), colorSpace='rgb', contrast=None, depth=0.0, fillColor=array([1, 1, 1]), fillColorSpace='rgb', fillRGB=array([1, 1, 1]), interpolate=True, lineColor=array([1., 1., 1.]), lineColorSpace='rgb', lineRGB=array([1, 1, 1]), lineWidth=1.0, name='polygon', opacity=1.0, ori=0.0, pos=array([0., 0.]), size=array([0.1, 0.1]), units='height', vertices=ndarray(...), win=Window(...), windingRule=None)
7.6319 	EXP 	Created text = TextStim(__class__=<class 'psychopy.visual.text.TextStim'>, alignHoriz=method-wrapper(...), alignText='center', alignVert=method-wrapper(...), anchorHoriz='center', anchorVert='center', antialias=True, autoDraw=False, autoLog=True, bold=False, color=array([1., 1., 1.]), colorSpace='rgb', contrast=1.0, depth=-1.0, flipHoriz=False, flipVert=False, font='Open Sans', fontFiles=[], height=0.05, italic=False, languageStyle='LTR', name='text', opacity=1.0, ori=0.0, pos=array([0., 0.]), rgb=UNKNOWN, text='', units='height', win=Window(...), wrapWidth=1)
7.6484 	EXP 	Created image = ImageStim(__class__=<class 'psychopy.visual.image.ImageStim'>, anchor=('center', 'center'), autoLog=True, color=array([1., 1., 1.]), colorSpace='rgb', contrast=1.0, depth=-3.0, flipHoriz=False, flipVert=False, image='default.png', interpolate=True, mask=None, maskParams=None, name='image', opacity=1.0, ori=0.0, pos=array([0. , 0.3]), size=array([0.1, 0.1]), texRes=128.0, units='height', win=Window(...))
7.6500 	EXP 	Created polygon_2 = ShapeStim(__class__=<class 'psychopy.visual.shape.ShapeStim'>, anchor=('center', 'center'), autoDraw=False, autoLog=True, closeShape=True, color=method-wrapper(...), colorSpace='rgb', contrast=None, depth=-4.0, fillColor=array([1, 1, 1]), fillColorSpace='rgb', fillRGB=array([1, 1, 1]), interpolate=True, lineColor=array([1., 1., 1.]), lineColorSpace='rgb', lineRGB=array([1, 1, 1]), lineWidth=1.0, name='polygon_2', opacity=1.0, ori=0.0, pos=array([0., 0.]), size=array([0.1, 0.1]), units='height', vertices=ndarray(...), win=Window(...), windingRule=None)
7.6509 	EXP 	Created text_2 = TextStim(__class__=<class 'psychopy.visual.text.TextStim'>, alignHoriz=method-wrapper(...), alignText='center', alignVert=method-wrapper(...), anchorHoriz='center', anchorVert='center', antialias=True, autoDraw=False, autoLog=True, bold=False, color=array([1., 1., 1.]), colorSpace='rgb', contrast=1.0, depth=-1.0, flipHoriz=False, flipVert=False, font='Open Sans', fontFiles=[], height=0.05, italic=False, languageStyle='LTR', name='text_2', opacity=1.0, ori=0.0, pos=array([0., 0.]), rgb=UNKNOWN, text='', units='height', win=Window(...), wrapWidth=1)
7.6551 	EXP 	Imported Book1.xlsx as conditions, 4 conditions, 3 params
7.6556 	EXP 	Created sequence: random, trialTypes=4, nReps=1, seed=None
7.6559 	EXP 	New trial (rep=0, index=0): {'stimulus': 'C:\\Users\\Admin\\Desktop\\bhaktiexperiment\\square.png', 'label': 'self', 'is_match': 1}
7.6974 	EXP 	text: height = 0.05
7.6974 	EXP 	text: height = 0.05
7.6974 	EXP 	text: height = 0.05
7.6974 	EXP 	text: text = 'self'
7.6974 	EXP 	image: image = 'C:\\Users\\Admin\\Desktop\\bhaktiexperiment\\square.png'
7.6974 	EXP 	polygon: autoDraw = True
8.6583 	EXP 	text: autoDraw = True
8.6583 	EXP 	image: autoDraw = True
8.6583 	EXP 	polygon_2: autoDraw = True
8.7022 	EXP 	polygon: autoDraw = False
9.6690 	EXP 	text: autoDraw = False
9.6690 	EXP 	image: autoDraw = False
9.6690 	EXP 	polygon_2: autoDraw = False
10.6528 	EXP 	polygon: autoDraw = False
10.6528 	EXP 	text: autoDraw = False
10.6528 	EXP 	image: autoDraw = False
10.6528 	EXP 	polygon_2: autoDraw = False
10.6528 	EXP 	text_2: height = 0.05
10.6528 	EXP 	text_2: height = 0.05
10.6528 	EXP 	text_2: height = 0.05
10.6528 	EXP 	text_2: text = 'Miss'
10.6528 	EXP 	text_2: autoDraw = True
11.6378 	EXP 	New trial (rep=0, index=1): {'stimulus': 'C:\\Users\\Admin\\Desktop\\bhaktiexperiment\\triangle.png', 'label': 'self', 'is_match': 0}
11.6533 	EXP 	text_2: autoDraw = False
11.6533 	EXP 	text_2: autoDraw = False
11.6533 	EXP 	text: text = 'self'
11.6533 	EXP 	image: image = 'C:\\Users\\Admin\\Desktop\\bhaktiexperiment\\triangle.png'
11.6533 	EXP 	polygon: autoDraw = True
12.6535 	EXP 	polygon: autoDraw = False
12.6535 	EXP 	text: autoDraw = True
12.6535 	EXP 	image: autoDraw = True
12.6535 	EXP 	polygon_2: autoDraw = True
13.1240 	DATA 	Keypress: escape
13.6968 	EXP 	window1: mouseVisible = True
