5.1987 	WARNING 	User requested fullscreen with size [1024  768], but screen is actually [1920, 1080]. Using actual size
5.7917 	EXP 	Created window1 = Window(allowGUI=True, allowStencil=False, autoLog=True, backendConf=UNKNOWN, backgroundFit=<method-wrapper '__getattribute__' of attributeSetter object at 0x000002783F036DC0>, backgroundImage=<method-wrapper '__getattribute__' of attributeSetter object at 0x000002783F036D60>, bitsMode=UNKNOWN, blendMode='avg', bpc=(8, 8, 8), color=array([0, 0, 0]), colorSpace='rgb', depthBits=8, fullscr=<method-wrapper '__getattribute__' of attributeSetter object at 0x000002783F036A60>, gamma=None, gammaErrorPolicy='raise', lms=UNKNOWN, monitor=<psychopy.monitors.calibTools.Monitor object at 0x0000027845084DC0>, multiSample=False, name='window1', numSamples=2, pos=(0, 0), screen=0, size=array([1920, 1080]), stencilBits=0, stereo=False, units='height', useFBO=True, useRetina=False, viewOri=0.0, viewPos=None, viewScale=None, waitBlanking=True, winType='pyglet')
5.7919 	EXP 	window1: mouseVisible = True
5.7919 	EXP 	window1: backgroundImage = ''
5.7919 	EXP 	window1: backgroundFit = 'none'
5.7921 	EXP 	window1: mouseVisible = False
5.7922 	EXP 	window1: Attempting to measure frame rate of screen (0) ...
5.7922 	EXP 	window1: recordFrameIntervals = False
5.9574 	EXP 	window1: recordFrameIntervals = True
6.1413 	EXP 	Screen (0) actual frame rate measured at 59.97Hz
6.1414 	EXP 	window1: recordFrameIntervals = False
7.7757 	EXP 	Created polygon = ShapeStim(__class__=<class 'psychopy.visual.shape.ShapeStim'>, anchor=('center', 'center'), autoDraw=False, autoLog=True, closeShape=True, color=method-wrapper(...), colorSpace='rgb', contrast=None, depth=0.0, fillColor=array([1, 1, 1]), fillColorSpace='rgb', fillRGB=array([1, 1, 1]), interpolate=True, lineColor=array([1., 1., 1.]), lineColorSpace='rgb', lineRGB=array([1, 1, 1]), lineWidth=1.0, name='polygon', opacity=1.0, ori=0.0, pos=array([0., 0.]), size=array([0.1, 0.1]), units='height', vertices=ndarray(...), win=Window(...), windingRule=None)
7.8038 	EXP 	Created text = TextStim(__class__=<class 'psychopy.visual.text.TextStim'>, alignHoriz=method-wrapper(...), alignText='center', alignVert=method-wrapper(...), anchorHoriz='center', anchorVert='center', antialias=True, autoDraw=False, autoLog=True, bold=False, color=array([1., 1., 1.]), colorSpace='rgb', contrast=1.0, depth=-1.0, flipHoriz=False, flipVert=False, font='Open Sans', fontFiles=[], height=0.05, italic=False, languageStyle='LTR', name='text', opacity=1.0, ori=0.0, pos=array([ 0. , -0.1]), rgb=UNKNOWN, text='', units='height', win=Window(...), wrapWidth=1)
7.8198 	EXP 	Created image = ImageStim(__class__=<class 'psychopy.visual.image.ImageStim'>, anchor=('center', 'center'), autoLog=True, color=array([1., 1., 1.]), colorSpace='rgb', contrast=1.0, depth=-3.0, flipHoriz=False, flipVert=False, image='default.png', interpolate=True, mask=None, maskParams=None, name='image', opacity=1.0, ori=0.0, pos=array([0. , 0.3]), size=array([0.1, 0.1]), texRes=128.0, units='height', win=Window(...))
7.8213 	EXP 	Created polygon_2 = ShapeStim(__class__=<class 'psychopy.visual.shape.ShapeStim'>, anchor=('center', 'center'), autoDraw=False, autoLog=True, closeShape=True, color=method-wrapper(...), colorSpace='rgb', contrast=None, depth=-4.0, fillColor=array([1, 1, 1]), fillColorSpace='rgb', fillRGB=array([1, 1, 1]), interpolate=True, lineColor=array([1., 1., 1.]), lineColorSpace='rgb', lineRGB=array([1, 1, 1]), lineWidth=1.0, name='polygon_2', opacity=1.0, ori=0.0, pos=array([0., 0.]), size=array([0.1, 0.1]), units='height', vertices=ndarray(...), win=Window(...), windingRule=None)
7.8222 	EXP 	Created text_2 = TextStim(__class__=<class 'psychopy.visual.text.TextStim'>, alignHoriz=method-wrapper(...), alignText='center', alignVert=method-wrapper(...), anchorHoriz='center', anchorVert='center', antialias=True, autoDraw=False, autoLog=True, bold=False, color=array([1., 1., 1.]), colorSpace='rgb', contrast=1.0, depth=-1.0, flipHoriz=False, flipVert=False, font='Open Sans', fontFiles=[], height=0.05, italic=False, languageStyle='LTR', name='text_2', opacity=1.0, ori=0.0, pos=array([0., 0.]), rgb=UNKNOWN, text='', units='height', win=Window(...), wrapWidth=1)
7.8267 	EXP 	Imported Book1.xlsx as conditions, 4 conditions, 3 params
7.8271 	EXP 	Created sequence: random, trialTypes=4, nReps=1, seed=None
7.8273 	EXP 	New trial (rep=0, index=0): {'stimulus': 'C:\\Users\\Admin\\Desktop\\bhaktiexperiment\\square.png', 'label': 'other', 'is_match': 0}
7.8658 	EXP 	text: height = 0.05
7.8658 	EXP 	text: height = 0.05
7.8658 	EXP 	text: height = 0.05
7.8658 	EXP 	text: text = 'other'
7.8658 	EXP 	image: image = 'C:\\Users\\Admin\\Desktop\\bhaktiexperiment\\square.png'
7.8658 	EXP 	polygon: autoDraw = True
8.8247 	EXP 	text: autoDraw = True
8.8247 	EXP 	image: autoDraw = True
8.8247 	EXP 	polygon_2: autoDraw = True
8.8745 	EXP 	polygon: autoDraw = False
9.8247 	EXP 	text: autoDraw = False
9.8247 	EXP 	image: autoDraw = False
9.8247 	EXP 	polygon_2: autoDraw = False
10.8248 	EXP 	polygon: autoDraw = False
10.8248 	EXP 	text: autoDraw = False
10.8248 	EXP 	image: autoDraw = False
10.8248 	EXP 	polygon_2: autoDraw = False
10.8248 	EXP 	text_2: height = 0.05
10.8248 	EXP 	text_2: height = 0.05
10.8248 	EXP 	text_2: height = 0.05
10.8248 	EXP 	text_2: text = 'Miss'
10.8248 	EXP 	text_2: autoDraw = True
11.8098 	EXP 	New trial (rep=0, index=1): {'stimulus': 'C:\\Users\\Admin\\Desktop\\bhaktiexperiment\\square.png', 'label': 'self', 'is_match': 1}
11.8252 	EXP 	text_2: autoDraw = False
11.8252 	EXP 	text_2: autoDraw = False
11.8252 	EXP 	text: height = 0.05
11.8252 	EXP 	text: height = 0.05
11.8252 	EXP 	text: height = 0.05
11.8252 	EXP 	text: text = 'self'
11.8252 	EXP 	image: image = 'C:\\Users\\Admin\\Desktop\\bhaktiexperiment\\square.png'
11.8252 	EXP 	polygon: autoDraw = True
12.8257 	EXP 	polygon: autoDraw = False
12.8257 	EXP 	text: autoDraw = True
12.8257 	EXP 	image: autoDraw = True
12.8257 	EXP 	polygon_2: autoDraw = True
12.8465 	DATA 	Keypress: m
13.8257 	EXP 	text: autoDraw = False
13.8257 	EXP 	image: autoDraw = False
13.8257 	EXP 	polygon_2: autoDraw = False
14.4272 	DATA 	Keypress: m
14.8259 	EXP 	polygon: autoDraw = False
14.8259 	EXP 	text: autoDraw = False
14.8259 	EXP 	image: autoDraw = False
14.8259 	EXP 	polygon_2: autoDraw = False
14.8259 	EXP 	text_2: height = 0.05
14.8259 	EXP 	text_2: height = 0.05
14.8259 	EXP 	text_2: height = 0.05
14.8259 	EXP 	text_2: text = 'Correct'
14.8259 	EXP 	text_2: autoDraw = True
15.8109 	EXP 	New trial (rep=0, index=2): {'stimulus': 'C:\\Users\\Admin\\Desktop\\bhaktiexperiment\\triangle.png', 'label': 'other', 'is_match': 1}
15.8262 	EXP 	text_2: autoDraw = False
15.8262 	EXP 	text_2: autoDraw = False
15.8262 	EXP 	text: height = 0.05
15.8262 	EXP 	text: height = 0.05
15.8262 	EXP 	text: height = 0.05
15.8262 	EXP 	text: text = 'other'
15.8262 	EXP 	image: image = 'C:\\Users\\Admin\\Desktop\\bhaktiexperiment\\triangle.png'
15.8262 	EXP 	polygon: autoDraw = True
16.2131 	DATA 	Keypress: escape
16.8554 	EXP 	window1: mouseVisible = True
